<?xml version="1.0" encoding="UTF-8"?>
<!-- Generated by org.testng.reporters.JUnitXMLReporter -->
<testsuite ignored="0" hostname="DESKTOP-5TLKQ0Q" failures="0" tests="2" name="SauceDemo" time="0.177" errors="0" timestamp="2022-04-25T18:20:51 CEST">
  <testcase classname="TestSauceDemo.TestShoppingSauceDemo" name="@BeforeClass setUp" time="0.085">
    <failure type="java.lang.IllegalStateException" message="The path to the driver executable The path to the driver executable must be set by the webdriver.chrome.driver system property; for more information, see https://github.com/SeleniumHQ/selenium/wiki/ChromeDriver. The latest version can be downloaded from https://chromedriver.storage.googleapis.com/index.html">
      <![CDATA[java.lang.IllegalStateException: The path to the driver executable The path to the driver executable must be set by the webdriver.chrome.driver system property; for more information, see https://github.com/SeleniumHQ/selenium/wiki/ChromeDriver. The latest version can be downloaded from https://chromedriver.storage.googleapis.com/index.html
at org.openqa.selenium.internal.Require$StateChecker.nonNull(Require.java:280)
at org.openqa.selenium.remote.service.DriverService.findExecutable(DriverService.java:135)
at org.openqa.selenium.chrome.ChromeDriverService.access$000(ChromeDriverService.java:38)
at org.openqa.selenium.chrome.ChromeDriverService$Builder.findDefaultExecutable(ChromeDriverService.java:231)
at org.openqa.selenium.remote.service.DriverService$Builder.build(DriverService.java:437)
at org.openqa.selenium.chrome.ChromeDriverService.createDefaultService(ChromeDriverService.java:127)
at org.openqa.selenium.chrome.ChromeDriver.<init>(ChromeDriver.java:46)
at TestSauceDemo.TestShoppingSauceDemo.setUp(TestShoppingSauceDemo.java:24)
at java.base/java.util.ArrayList.forEach(ArrayList.java:1511)
at com.intellij.rt.testng.IDEARemoteTestNG.run(IDEARemoteTestNG.java:66)
at com.intellij.rt.testng.RemoteTestNGStarter.main(RemoteTestNGStarter.java:109)
... Removed 22 stack frames]]>
    </failure>
  </testcase> <!-- @BeforeClass setUp -->
  <testcase classname="TestSauceDemo.TestShoppingSauceDemo" name="@AfterClass tearDown" time="0.0">
    <skipped/>
  </testcase> <!-- @AfterClass tearDown -->
  <testcase classname="TestSauceDemo.TestShoppingSauceDemo" name="testShoppingOneItemHappyPath" time="0.001">
    <skipped/>
  </testcase> <!-- testShoppingOneItemHappyPath -->
  <testcase classname="TestSauceDemo.TestShoppingSauceDemo" name="testShoppingWithNoZipCodeEnteredAlertIsPresent" time="0.0">
    <skipped/>
  </testcase> <!-- testShoppingWithNoZipCodeEnteredAlertIsPresent -->
</testsuite> <!-- SauceDemo -->
